ERC report (2025-12-17T22:02:21+0545, Encoding UTF8)

***** Sheet /
[power_pin_not_driven]: Input Power pin not driven by any Output Power pins
    ; error
    @(4200 mils, 1400 mils): Symbol #PWR02 Pin 1 [Power input, Line]
[power_pin_not_driven]: Input Power pin not driven by any Output Power pins
    ; error
    @(4200 mils, 2000 mils): Symbol #PWR01 Pin 1 [Power input, Line]
[unconnected_wire_endpoint]: Unconnected wire endpoint
    ; warning
    @(5350 mils, 1700 mils): Vertical Wire, length 50 mils
[unconnected_wire_endpoint]: Unconnected wire endpoint
    ; warning
    @(5350 mils, 2750 mils): Vertical Wire, length 50 mils
[pin_not_connected]: Pin not connected
    ; error
    @(6200 mils, 1700 mils): Symbol D1 Pin 3 [DIN, Input, Line]
[pin_not_driven]: Input pin not driven by any Output pins
    ; error
    @(6200 mils, 1700 mils): Symbol D1 Pin 3 [DIN, Input, Line]
[unconnected_wire_endpoint]: Unconnected wire endpoint
    ; warning
    @(5350 mils, 3750 mils): Vertical Wire, length 50 mils
[pin_not_connected]: Pin not connected
    ; error
    @(6200 mils, 2750 mils): Symbol D9 Pin 3 [DIN, Input, Line]
[pin_not_driven]: Input pin not driven by any Output pins
    ; error
    @(6200 mils, 2750 mils): Symbol D9 Pin 3 [DIN, Input, Line]
[unconnected_wire_endpoint]: Unconnected wire endpoint
    ; warning
    @(6850 mils, 1700 mils): Vertical Wire, length 50 mils
[unconnected_wire_endpoint]: Unconnected wire endpoint
    ; warning
    @(5350 mils, 4750 mils): Vertical Wire, length 50 mils
[pin_not_connected]: Pin not connected
    ; error
    @(6200 mils, 3750 mils): Symbol D8 Pin 3 [DIN, Input, Line]
[pin_not_driven]: Input pin not driven by any Output pins
    ; error
    @(6200 mils, 3750 mils): Symbol D8 Pin 3 [DIN, Input, Line]
[unconnected_wire_endpoint]: Unconnected wire endpoint
    ; warning
    @(6850 mils, 2750 mils): Vertical Wire, length 50 mils
[unconnected_wire_endpoint]: Unconnected wire endpoint
    ; warning
    @(6850 mils, 3750 mils): Vertical Wire, length 50 mils
[pin_not_connected]: Pin not connected
    ; error
    @(6200 mils, 4750 mils): Symbol D10 Pin 3 [DIN, Input, Line]
[pin_not_driven]: Input pin not driven by any Output pins
    ; error
    @(6200 mils, 4750 mils): Symbol D10 Pin 3 [DIN, Input, Line]
[pin_not_connected]: Pin not connected
    ; error
    @(7700 mils, 1700 mils): Symbol D2 Pin 3 [DIN, Input, Line]
[pin_not_driven]: Input pin not driven by any Output pins
    ; error
    @(7700 mils, 1700 mils): Symbol D2 Pin 3 [DIN, Input, Line]
[pin_not_connected]: Pin not connected
    ; error
    @(7700 mils, 2750 mils): Symbol D13 Pin 3 [DIN, Input, Line]
[pin_not_driven]: Input pin not driven by any Output pins
    ; error
    @(7700 mils, 2750 mils): Symbol D13 Pin 3 [DIN, Input, Line]
[unconnected_wire_endpoint]: Unconnected wire endpoint
    ; warning
    @(6850 mils, 4750 mils): Vertical Wire, length 50 mils
[unconnected_wire_endpoint]: Unconnected wire endpoint
    ; warning
    @(8350 mils, 1700 mils): Vertical Wire, length 50 mils
[pin_not_connected]: Pin not connected
    ; error
    @(7700 mils, 3750 mils): Symbol D12 Pin 3 [DIN, Input, Line]
[pin_not_driven]: Input pin not driven by any Output pins
    ; error
    @(7700 mils, 3750 mils): Symbol D12 Pin 3 [DIN, Input, Line]
[pin_not_connected]: Pin not connected
    ; error
    @(7700 mils, 4750 mils): Symbol D11 Pin 3 [DIN, Input, Line]
[pin_not_driven]: Input pin not driven by any Output pins
    ; error
    @(7700 mils, 4750 mils): Symbol D11 Pin 3 [DIN, Input, Line]
[unconnected_wire_endpoint]: Unconnected wire endpoint
    ; warning
    @(8350 mils, 3750 mils): Vertical Wire, length 50 mils
[pin_not_connected]: Pin not connected
    ; error
    @(9200 mils, 1700 mils): Symbol D3 Pin 3 [DIN, Input, Line]
[pin_not_driven]: Input pin not driven by any Output pins
    ; error
    @(9200 mils, 1700 mils): Symbol D3 Pin 3 [DIN, Input, Line]
[unconnected_wire_endpoint]: Unconnected wire endpoint
    ; warning
    @(8350 mils, 4750 mils): Vertical Wire, length 50 mils
[pin_not_connected]: Pin not connected
    ; error
    @(9200 mils, 3750 mils): Symbol D15 Pin 3 [DIN, Input, Line]
[pin_not_driven]: Input pin not driven by any Output pins
    ; error
    @(9200 mils, 3750 mils): Symbol D15 Pin 3 [DIN, Input, Line]
[pin_not_connected]: Pin not connected
    ; error
    @(9200 mils, 4750 mils): Symbol D16 Pin 3 [DIN, Input, Line]
[pin_not_driven]: Input pin not driven by any Output pins
    ; error
    @(9200 mils, 4750 mils): Symbol D16 Pin 3 [DIN, Input, Line]

 ** ERC messages: 35  Errors 24  Warnings 11
